{"/Users/bytedance/Desktop/learning/pipe-core/src/factory.ts": {"path":"/Users/bytedance/Desktop/learning/pipe-core/src/factory.ts","statementMap":{"0":{"start":{"line":3,"column":0},"end":{"line":3,"column":13}},"1":{"start":{"line":5,"column":10},"end":{"line":5,"column":null}},"2":{"start":{"line":7,"column":10},"end":{"line":7,"column":41}},"3":{"start":{"line":9,"column":2},"end":{"line":9,"column":62}},"4":{"start":{"line":11,"column":10},"end":{"line":11,"column":79}},"5":{"start":{"line":13,"column":10},"end":{"line":13,"column":83}},"6":{"start":{"line":16,"column":4},"end":{"line":16,"column":23}},"7":{"start":{"line":19,"column":2},"end":{"line":21,"column":null}},"8":{"start":{"line":20,"column":4},"end":{"line":20,"column":22}},"9":{"start":{"line":23,"column":2},"end":{"line":28,"column":null}},"10":{"start":{"line":24,"column":4},"end":{"line":27,"column":6}},"11":{"start":{"line":30,"column":2},"end":{"line":32,"column":null}},"12":{"start":{"line":31,"column":4},"end":{"line":31,"column":25}},"13":{"start":{"line":35,"column":2},"end":{"line":45,"column":null}},"14":{"start":{"line":36,"column":28},"end":{"line":36,"column":84}},"15":{"start":{"line":36,"column":57},"end":{"line":36,"column":84}},"16":{"start":{"line":37,"column":4},"end":{"line":44,"column":null}},"17":{"start":{"line":38,"column":22},"end":{"line":38,"column":48}},"18":{"start":{"line":39,"column":6},"end":{"line":39,"column":27}},"19":{"start":{"line":40,"column":6},"end":{"line":40,"column":37}},"20":{"start":{"line":43,"column":6},"end":{"line":43,"column":35}},"21":{"start":{"line":47,"column":2},"end":{"line":49,"column":null}},"22":{"start":{"line":48,"column":4},"end":{"line":48,"column":33}},"23":{"start":{"line":51,"column":8},"end":{"line":59,"column":null}},"24":{"start":{"line":53,"column":29},"end":{"line":53,"column":null}},"25":{"start":{"line":53,"column":25},"end":{"line":53,"column":null}},"26":{"start":{"line":53,"column":15},"end":{"line":53,"column":25}},"27":{"start":{"line":54,"column":6},"end":{"line":54,"column":27}},"28":{"start":{"line":55,"column":10},"end":{"line":55,"column":16}},"29":{"start":{"line":56,"column":8},"end":{"line":56,"column":50}},"30":{"start":{"line":61,"column":8},"end":{"line":64,"column":null}},"31":{"start":{"line":63,"column":4},"end":{"line":63,"column":50}},"32":{"start":{"line":66,"column":2},"end":{"line":68,"column":null}},"33":{"start":{"line":67,"column":4},"end":{"line":67,"column":49}},"34":{"start":{"line":70,"column":2},"end":{"line":72,"column":null}},"35":{"start":{"line":71,"column":4},"end":{"line":71,"column":43}},"36":{"start":{"line":74,"column":9},"end":{"line":76,"column":null}},"37":{"start":{"line":75,"column":4},"end":{"line":75,"column":46}},"38":{"start":{"line":77,"column":0},"end":{"line":77,"column":null}},"39":{"start":{"line":3,"column":13},"end":{"line":3,"column":29}}},"fnMap":{"0":{"name":"(anonymous_15)","decl":{"start":{"line":3,"column":0},"end":{"line":3,"column":13}},"loc":{"start":{"line":3,"column":0},"end":{"line":77,"column":null}}},"1":{"name":"PipeValueFactory","decl":{"start":{"line":15,"column":2},"end":{"line":15,"column":15}},"loc":{"start":{"line":15,"column":27},"end":{"line":17,"column":3}}},"2":{"name":"(anonymous_17)","decl":{"start":{"line":19,"column":2},"end":{"line":19,"column":10}},"loc":{"start":{"line":19,"column":2},"end":{"line":21,"column":3}}},"3":{"name":"(anonymous_18)","decl":{"start":{"line":23,"column":2},"end":{"line":23,"column":10}},"loc":{"start":{"line":23,"column":33},"end":{"line":28,"column":3}}},"4":{"name":"(anonymous_19)","decl":{"start":{"line":30,"column":2},"end":{"line":30,"column":17}},"loc":{"start":{"line":30,"column":2},"end":{"line":32,"column":3}}},"5":{"name":"(anonymous_20)","decl":{"start":{"line":35,"column":2},"end":{"line":35,"column":31}},"loc":{"start":{"line":35,"column":77},"end":{"line":45,"column":3}}},"6":{"name":"(anonymous_21)","decl":{"start":{"line":36,"column":49},"end":{"line":36,"column":53}},"loc":{"start":{"line":36,"column":53},"end":{"line":36,"column":61}}},"7":{"name":"(anonymous_22)","decl":{"start":{"line":47,"column":2},"end":{"line":47,"column":14}},"loc":{"start":{"line":47,"column":30},"end":{"line":49,"column":3}}},"8":{"name":"(anonymous_23)","decl":{"start":{"line":51,"column":2},"end":{"line":51,"column":8}},"loc":{"start":{"line":51,"column":46},"end":{"line":59,"column":null}}},"9":{"name":"(anonymous_26)","decl":{"start":{"line":61,"column":2},"end":{"line":61,"column":8}},"loc":{"start":{"line":61,"column":2},"end":{"line":64,"column":null}}},"10":{"name":"(anonymous_29)","decl":{"start":{"line":66,"column":2},"end":{"line":66,"column":17}},"loc":{"start":{"line":66,"column":66},"end":{"line":68,"column":3}}},"11":{"name":"(anonymous_30)","decl":{"start":{"line":70,"column":2},"end":{"line":70,"column":16}},"loc":{"start":{"line":70,"column":47},"end":{"line":72,"column":3}}},"12":{"name":"(anonymous_31)","decl":{"start":{"line":74,"column":2},"end":{"line":74,"column":9}},"loc":{"start":{"line":74,"column":60},"end":{"line":76,"column":3}}}},"branchMap":{"0":{"loc":{"start":{"line":37,"column":4},"end":{"line":44,"column":null}},"type":"if","locations":[{"start":{"line":37,"column":4},"end":{"line":44,"column":null}},{"start":{"line":41,"column":11},"end":{"line":44,"column":null}}]},"1":{"loc":{"start":{"line":38,"column":22},"end":{"line":38,"column":48}},"type":"binary-expr","locations":[{"start":{"line":38,"column":22},"end":{"line":38,"column":42}},{"start":{"line":38,"column":46},"end":{"line":38,"column":48}}]},"2":{"loc":{"start":{"line":53,"column":25},"end":{"line":53,"column":null}},"type":"if","locations":[{"start":{"line":53,"column":25},"end":{"line":53,"column":null}}]},"3":{"loc":{"start":{"line":55,"column":10},"end":{"line":55,"column":16}},"type":"if","locations":[{"start":{"line":55,"column":10},"end":{"line":55,"column":16}}]},"4":{"loc":{"start":{"line":55,"column":10},"end":{"line":55,"column":47}},"type":"binary-expr","locations":[{"start":{"line":55,"column":10},"end":{"line":55,"column":21}},{"start":{"line":55,"column":25},"end":{"line":55,"column":47}}]}},"s":{"0":1,"1":3,"2":3,"3":3,"4":3,"5":3,"6":3,"7":1,"8":18,"9":1,"10":5,"11":1,"12":4,"13":1,"14":0,"15":0,"16":0,"17":0,"18":0,"19":0,"20":0,"21":1,"22":23,"23":1,"24":8,"25":50,"26":23,"27":46,"28":46,"29":0,"30":1,"31":8,"32":1,"33":23,"34":1,"35":9,"36":1,"37":3,"38":1,"39":1},"f":{"0":1,"1":3,"2":18,"3":5,"4":4,"5":0,"6":0,"7":23,"8":4,"9":4,"10":23,"11":9,"12":3},"b":{"0":[0,0],"1":[0,0],"2":[4],"3":[23],"4":[23,0]}}
,"/Users/bytedance/Desktop/learning/pipe-core/src/index.ts": {"path":"/Users/bytedance/Desktop/learning/pipe-core/src/index.ts","statementMap":{"0":{"start":{"line":1,"column":0},"end":{"line":1,"column":45}},"1":{"start":{"line":4,"column":0},"end":{"line":4,"column":24}},"2":{"start":{"line":11,"column":0},"end":{"line":11,"column":9}},"3":{"start":{"line":14,"column":10},"end":{"line":14,"column":null}},"4":{"start":{"line":20,"column":31},"end":{"line":20,"column":76}},"5":{"start":{"line":23,"column":4},"end":{"line":45,"column":6}},"6":{"start":{"line":25,"column":29},"end":{"line":33,"column":8}},"7":{"start":{"line":27,"column":28},"end":{"line":27,"column":null}},"8":{"start":{"line":27,"column":14},"end":{"line":27,"column":null}},"9":{"start":{"line":30,"column":32},"end":{"line":30,"column":null}},"10":{"start":{"line":30,"column":14},"end":{"line":30,"column":null}},"11":{"start":{"line":32,"column":8},"end":{"line":32,"column":70}},"12":{"start":{"line":34,"column":6},"end":{"line":36,"column":9}},"13":{"start":{"line":37,"column":6},"end":{"line":43,"column":null}},"14":{"start":{"line":22,"column":2},"end":{"line":46,"column":null}},"15":{"start":{"line":22,"column":29},"end":{"line":22,"column":35}},"16":{"start":{"line":22,"column":29},"end":{"line":22,"column":51}},"17":{"start":{"line":22,"column":13},"end":{"line":22,"column":14}},"18":{"start":{"line":22,"column":17},"end":{"line":22,"column":19}},"19":{"start":{"line":22,"column":24},"end":{"line":22,"column":25}},"20":{"start":{"line":22,"column":14},"end":{"line":22,"column":25}},"21":{"start":{"line":48,"column":2},"end":{"line":48,"column":30}},"22":{"start":{"line":55,"column":10},"end":{"line":55,"column":null}},"23":{"start":{"line":56,"column":23},"end":{"line":56,"column":null}},"24":{"start":{"line":62,"column":2},"end":{"line":86,"column":null}},"25":{"start":{"line":63,"column":4},"end":{"line":63,"column":8}},"26":{"start":{"line":64,"column":29},"end":{"line":72,"column":8}},"27":{"start":{"line":66,"column":14},"end":{"line":66,"column":77}},"28":{"start":{"line":69,"column":32},"end":{"line":69,"column":null}},"29":{"start":{"line":69,"column":14},"end":{"line":69,"column":null}},"30":{"start":{"line":71,"column":8},"end":{"line":71,"column":70}},"31":{"start":{"line":73,"column":6},"end":{"line":75,"column":9}},"32":{"start":{"line":76,"column":6},"end":{"line":82,"column":null}},"33":{"start":{"line":94,"column":2},"end":{"line":103,"column":4}},"34":{"start":{"line":97,"column":6},"end":{"line":97,"column":47}},"35":{"start":{"line":99,"column":6},"end":{"line":99,"column":37}},"36":{"start":{"line":101,"column":6},"end":{"line":101,"column":54}},"37":{"start":{"line":108,"column":2},"end":{"line":108,"column":null}},"38":{"start":{"line":110,"column":17},"end":{"line":110,"column":56}},"39":{"start":{"line":111,"column":2},"end":{"line":111,"column":55}},"40":{"start":{"line":106,"column":0},"end":{"line":106,"column":16}}},"fnMap":{"0":{"name":"createCustomStartFunction","decl":{"start":{"line":11,"column":9},"end":{"line":11,"column":34}},"loc":{"start":{"line":17,"column":3},"end":{"line":49,"column":1}}},"1":{"name":"(anonymous_21)","decl":{"start":{"line":23,"column":81},"end":{"line":23,"column":82}},"loc":{"start":{"line":23,"column":111},"end":{"line":45,"column":5}}},"2":{"name":"(anonymous_22)","decl":{"start":{"line":25,"column":29},"end":{"line":25,"column":null}},"loc":{"start":{"line":25,"column":29},"end":{"line":33,"column":8}}},"3":{"name":"createPipe","decl":{"start":{"line":52,"column":9},"end":{"line":52,"column":19}},"loc":{"start":{"line":60,"column":3},"end":{"line":88,"column":1}}},"4":{"name":"(anonymous_26)","decl":{"start":{"line":63,"column":4},"end":{"line":63,"column":8}},"loc":{"start":{"line":63,"column":39},"end":{"line":84,"column":5}}},"5":{"name":"(anonymous_27)","decl":{"start":{"line":64,"column":29},"end":{"line":64,"column":null}},"loc":{"start":{"line":64,"column":29},"end":{"line":72,"column":8}}},"6":{"name":"createPipeEnd","decl":{"start":{"line":91,"column":9},"end":{"line":91,"column":22}},"loc":{"start":{"line":92,"column":39},"end":{"line":104,"column":1}}},"7":{"name":"(anonymous_31)","decl":{"start":{"line":95,"column":17},"end":{"line":95,"column":null}},"loc":{"start":{"line":95,"column":17},"end":{"line":102,"column":null}}},"8":{"name":"createPipeCore","decl":{"start":{"line":106,"column":16},"end":{"line":106,"column":30}},"loc":{"start":{"line":108,"column":28},"end":{"line":112,"column":1}}}},"branchMap":{"0":{"loc":{"start":{"line":27,"column":28},"end":{"line":27,"column":null}},"type":"switch","locations":[{"start":{"line":27,"column":28},"end":{"line":27,"column":null}}]},"1":{"loc":{"start":{"line":108,"column":2},"end":{"line":108,"column":null}},"type":"if","locations":[{"start":{"line":108,"column":2},"end":{"line":108,"column":null}}]}},"s":{"0":1,"1":1,"2":49,"3":49,"4":49,"5":294,"6":28,"7":14,"8":14,"9":14,"10":14,"11":14,"12":14,"13":14,"14":49,"15":49,"16":49,"17":294,"18":294,"19":294,"20":294,"21":49,"22":23,"23":23,"24":23,"25":9,"26":18,"27":9,"28":9,"29":9,"30":9,"31":9,"32":9,"33":46,"34":8,"35":4,"36":4,"37":3,"38":3,"39":3,"40":1},"f":{"0":49,"1":14,"2":28,"3":23,"4":9,"5":18,"6":46,"7":4,"8":3},"b":{"0":[14],"1":[0]}}
}
