TN:
SF:src/factory.ts
FN:3,(anonymous_15)
FN:15,PipeValueFactory
FN:19,(anonymous_17)
FN:23,(anonymous_18)
FN:30,(anonymous_19)
FN:35,(anonymous_20)
FN:36,(anonymous_21)
FN:47,(anonymous_22)
FN:51,(anonymous_23)
FN:61,(anonymous_26)
FN:66,(anonymous_29)
FN:70,(anonymous_30)
FN:74,(anonymous_31)
FNF:13
FNH:11
FNDA:1,(anonymous_15)
FNDA:3,PipeValueFactory
FNDA:18,(anonymous_17)
FNDA:5,(anonymous_18)
FNDA:4,(anonymous_19)
FNDA:0,(anonymous_20)
FNDA:0,(anonymous_21)
FNDA:23,(anonymous_22)
FNDA:4,(anonymous_23)
FNDA:4,(anonymous_26)
FNDA:23,(anonymous_29)
FNDA:9,(anonymous_30)
FNDA:3,(anonymous_31)
DA:3,1
DA:5,3
DA:7,3
DA:9,3
DA:11,3
DA:13,3
DA:16,3
DA:19,1
DA:20,18
DA:23,1
DA:24,5
DA:30,1
DA:31,4
DA:35,1
DA:36,0
DA:37,0
DA:38,0
DA:39,0
DA:40,0
DA:43,0
DA:47,1
DA:48,23
DA:51,1
DA:53,50
DA:54,46
DA:55,46
DA:56,0
DA:61,1
DA:63,8
DA:66,1
DA:67,23
DA:70,1
DA:71,9
DA:74,1
DA:75,3
DA:77,1
LF:36
LH:29
BRDA:37,0,0,0
BRDA:37,0,1,0
BRDA:38,1,0,0
BRDA:38,1,1,0
BRDA:53,2,0,4
BRDA:55,3,0,23
BRDA:55,4,0,23
BRDA:55,4,1,0
BRF:8
BRH:3
end_of_record
TN:
SF:src/index.ts
FN:11,createCustomStartFunction
FN:23,(anonymous_21)
FN:25,(anonymous_22)
FN:52,createPipe
FN:63,(anonymous_26)
FN:64,(anonymous_27)
FN:91,createPipeEnd
FN:95,(anonymous_31)
FN:106,createPipeCore
FNF:9
FNH:9
FNDA:49,createCustomStartFunction
FNDA:14,(anonymous_21)
FNDA:28,(anonymous_22)
FNDA:23,createPipe
FNDA:9,(anonymous_26)
FNDA:18,(anonymous_27)
FNDA:46,createPipeEnd
FNDA:4,(anonymous_31)
FNDA:3,createPipeCore
DA:1,1
DA:4,1
DA:11,49
DA:14,49
DA:20,49
DA:22,294
DA:23,294
DA:25,28
DA:27,14
DA:30,14
DA:32,14
DA:34,14
DA:37,14
DA:48,49
DA:55,23
DA:56,23
DA:62,23
DA:63,9
DA:64,18
DA:66,9
DA:69,9
DA:71,9
DA:73,9
DA:76,9
DA:94,46
DA:97,8
DA:99,4
DA:101,4
DA:106,1
DA:108,3
DA:110,3
DA:111,3
LF:32
LH:32
BRDA:27,0,0,14
BRDA:108,1,0,0
BRF:2
BRH:1
end_of_record
